-------------------------------------------------------------------------------
Test set: helloworld.HelloControllerTest
-------------------------------------------------------------------------------
Tests run: 1, Failures: 0, Errors: 1, Skipped: 0, Time elapsed: 0.405 s <<< FAILURE! - in helloworld.HelloControllerTest
initializationError(helloworld.HelloControllerTest)  Time elapsed: 0.003 s  <<< ERROR!
java.lang.IllegalStateException: Unable to find a @SpringBootConfiguration, you need to use @ContextConfiguration or @SpringBootTest(classes=...) with your test

